<?xml version="1.0" encoding="UTF-8"?>
<!-- Generated by org.testng.reporters.JUnitXMLReporter -->
<testsuite ignored="0" hostname="DESKTOP-M9O1TUM" failures="0" tests="3" name="Surefire test" time="23.037" errors="0" timestamp="2023-04-19T02:17:59 EET">
  <testcase classname="com.qacart.todo.TestCases.LoginTest" name="shouldBeAbleToLoginWithEmailAndPassword" time="4.016"/>
  <testcase classname="com.qacart.todo.TestCases.TodoTest" name="shouldBeAbleToDeleteTodo" time="12.222"/>
  <testcase classname="com.qacart.todo.TestCases.TodoTest" name="shouldBeAbleToAddNewTodo" time="12.351"/>
</testsuite> <!-- Surefire test -->
