<?xml version="1.0" encoding="UTF-8"?>
<testsuite xmlns:xsi="http://www.w3.org/2001/XMLSchema-instance" xsi:noNamespaceSchemaLocation="https://maven.apache.org/surefire/maven-surefire-plugin/xsd/surefire-test-report-3.0.xsd" version="3.0" name="TestSuite" time="25.083" tests="3" errors="0" skipped="0" failures="0">
  <properties>
[...]
</properties>
  <testcase name="shouldBeAbleToLoginWithEmailAndPassword" classname="com.qacart.todo.TestCases.LoginTest" time="4.041">
    <system-err><![CDATA[SLF4J: No SLF4J providers were found.
SLF4J: Defaulting to no-operation (NOP) logger implementation
SLF4J: See https://www.slf4j.org/codes.html#noProviders for further details.
Starting Microsoft Edge WebDriver 112.0.1722.48 (d0924f8b9cb98fefc118ffd258a343383cf7cecc) on port 34497
To submit feedback, report a bug, or suggest new features, please visit https://github.com/MicrosoftEdge/EdgeWebDriver

Only local connections are allowed.
Please see https://aka.ms/WebDriverSecurity for suggestions on keeping Microsoft Edge WebDriver safe.

Starting Microsoft Edge WebDriver 112.0.1722.48 (d0924f8b9cb98fefc118ffd258a343383cf7cecc) on port 30636
To submit feedback, report a bug, or suggest new features, please visit https://github.com/MicrosoftEdge/EdgeWebDriver

Only local connections are allowed.
Please see https://aka.ms/WebDriverSecurity for suggestions on keeping Microsoft Edge WebDriver safe.

Starting Microsoft Edge WebDriver 112.0.1722.48 (d0924f8b9cb98fefc118ffd258a343383cf7cecc) on port 1587
To submit feedback, report a bug, or suggest new features, please visit https://github.com/MicrosoftEdge/EdgeWebDriver

Only local connections are allowed.
Please see https://aka.ms/WebDriverSecurity for suggestions on keeping Microsoft Edge WebDriver safe.

Microsoft Edge WebDriver was started successfully.
Microsoft Edge WebDriver was started successfully.
Microsoft Edge WebDriver was started successfully.
Apr 19, 2023 2:17:43 AM org.openqa.selenium.devtools.CdpVersionFinder findNearestMatch
WARNING: Unable to find an exact match for CDP version 112, so returning the closest version found: 111
Apr 19, 2023 2:17:44 AM org.openqa.selenium.devtools.CdpVersionFinder findNearestMatch
WARNING: Unable to find an exact match for CDP version 112, so returning the closest version found: 111
Apr 19, 2023 2:17:44 AM org.openqa.selenium.devtools.CdpVersionFinder findNearestMatch
WARNING: Unable to find an exact match for CDP version 112, so returning the closest version found: 111
]]></system-err>
  </testcase>
  <testcase name="shouldBeAbleToDeleteTodo" classname="com.qacart.todo.TestCases.TodoTest" time="12.165">
    <system-out><![CDATA[Request method:	POST
Request URI:	http://qacart-todo.herokuapp.com/api/v1/users/register
Proxy:			<none>
Request params:	<none>
Query params:	<none>
Form params:	<none>
Path params:	<none>
Headers:		Accept=*/*
				Content-Type=application/json
Cookies:		<none>
Multiparts:		<none>
Body:
{
    "firstName": "Sharla",
    "lastName": "Ortiz",
    "email": "asley.gulgowski@gmail.com",
    "password": "Hosam123"
}
Request method:	POST
Request URI:	http://qacart-todo.herokuapp.com/api/v1/users/register
Proxy:			<none>
Request params:	<none>
Query params:	<none>
Form params:	<none>
Path params:	<none>
Headers:		Accept=*/*
				Content-Type=application/json
Cookies:		<none>
Multiparts:		<none>
Body:
{
    "firstName": "Towanda",
    "lastName": "Schultz",
    "email": "barrett.thiel@gmail.com",
    "password": "Hosam123"
}
HTTP/1.1 201 Created
Server: Cowboy
Connection: keep-alive
X-Powered-By: Express
Access-Control-Allow-Origin: *
Set-Cookie: access_token=eyJhbGciOiJIUzI1NiIsInR5cCI6IkpXVCJ9.eyJpZCI6IjY0M2YzMzMwZmJkNjNjMDAxNDhmOTAwYyIsImZpcnN0TmFtZSI6IlNoYXJsYSIsImxhc3ROYW1lIjoiT3J0aXoiLCJpYXQiOjE2ODE4NjM0NzJ9.wSy7pNetmh-seGenP0ls9YV-cXD5IN1bi8PWz40vf04; Path=/
Set-Cookie: userID=j%3A%22643f3330fbd63c00148f900c%22; Path=/
Set-Cookie: firstName=Sharla; Path=/
Content-Type: application/json; charset=utf-8
Content-Length: 277
Etag: W/"115-Dj4diuJtJeAJHQnPi5eIGnMY/UA"
Date: Wed, 19 Apr 2023 00:17:52 GMT
Via: 1.1 vegur

{
    "access_token": "eyJhbGciOiJIUzI1NiIsInR5cCI6IkpXVCJ9.eyJpZCI6IjY0M2YzMzMwZmJkNjNjMDAxNDhmOTAwYyIsImZpcnN0TmFtZSI6IlNoYXJsYSIsImxhc3ROYW1lIjoiT3J0aXoiLCJpYXQiOjE2ODE4NjM0NzJ9.wSy7pNetmh-seGenP0ls9YV-cXD5IN1bi8PWz40vf04",
    "userID": "643f3330fbd63c00148f900c",
    "firstName": "Sharla"
}
HTTP/1.1 201 Created
Server: Cowboy
Connection: keep-alive
X-Powered-By: Express
Access-Control-Allow-Origin: *
Set-Cookie: access_token=eyJhbGciOiJIUzI1NiIsInR5cCI6IkpXVCJ9.eyJpZCI6IjY0M2YzMzMwZmJkNjNjMDAxNDhmOTAwYSIsImZpcnN0TmFtZSI6IlRvd2FuZGEiLCJsYXN0TmFtZSI6IlNjaHVsdHoiLCJpYXQiOjE2ODE4NjM0NzJ9.vyYNycBy_wgyACSgEgQ2XDFPmz7tTfqTqPJczKeo2E4; Path=/
Set-Cookie: userID=j%3A%22643f3330fbd63c00148f900a%22; Path=/
Set-Cookie: firstName=Towanda; Path=/
Content-Type: application/json; charset=utf-8
Content-Length: 282
Etag: W/"11a-OwVZV5WUsbjCEct2UcnSb8PT284"
Date: Wed, 19 Apr 2023 00:17:52 GMT
Via: 1.1 vegur

{
    "access_token": "eyJhbGciOiJIUzI1NiIsInR5cCI6IkpXVCJ9.eyJpZCI6IjY0M2YzMzMwZmJkNjNjMDAxNDhmOTAwYSIsImZpcnN0TmFtZSI6IlRvd2FuZGEiLCJsYXN0TmFtZSI6IlNjaHVsdHoiLCJpYXQiOjE2ODE4NjM0NzJ9.vyYNycBy_wgyACSgEgQ2XDFPmz7tTfqTqPJczKeo2E4",
    "userID": "643f3330fbd63c00148f900a",
    "firstName": "Towanda"
}
HTTP/1.1 201 Created
Server: Cowboy
Connection: keep-alive
X-Powered-By: Express
Access-Control-Allow-Origin: *
Content-Type: application/json; charset=utf-8
Content-Length: 161
Etag: W/"a1-qBuYB2SXXfRn1Xj8d2HP5NJSvlo"
Date: Wed, 19 Apr 2023 00:17:54 GMT
Via: 1.1 vegur

{
    "isCompleted": false,
    "_id": "643f3332fbd63c00148f900e",
    "item": "learn Selenium",
    "userID": "643f3330fbd63c00148f900a",
    "createdAt": "2023-04-19T00:17:54.243Z",
    "__v": 0
}
]]></system-out>
    <system-err><![CDATA[Apr 19, 2023 2:17:52 AM org.openqa.selenium.remote.http.WebSocket$Listener onError
WARNING: Connection reset
java.net.SocketException: Connection reset
	at java.base/sun.nio.ch.SocketChannelImpl.throwConnectionReset(SocketChannelImpl.java:401)
	at java.base/sun.nio.ch.SocketChannelImpl.read(SocketChannelImpl.java:434)
	at io.netty.buffer.PooledByteBuf.setBytes(PooledByteBuf.java:256)
	at io.netty.buffer.AbstractByteBuf.writeBytes(AbstractByteBuf.java:1132)
	at io.netty.channel.socket.nio.NioSocketChannel.doReadBytes(NioSocketChannel.java:357)
	at io.netty.channel.nio.AbstractNioByteChannel$NioByteUnsafe.read(AbstractNioByteChannel.java:151)
	at io.netty.channel.nio.NioEventLoop.processSelectedKey(NioEventLoop.java:788)
	at io.netty.channel.nio.NioEventLoop.processSelectedKeysOptimized(NioEventLoop.java:724)
	at io.netty.channel.nio.NioEventLoop.processSelectedKeys(NioEventLoop.java:650)
	at io.netty.channel.nio.NioEventLoop.run(NioEventLoop.java:562)
	at io.netty.util.concurrent.SingleThreadEventExecutor$4.run(SingleThreadEventExecutor.java:997)
	at io.netty.util.internal.ThreadExecutorMap$2.run(ThreadExecutorMap.java:74)
	at io.netty.util.concurrent.FastThreadLocalRunnable.run(FastThreadLocalRunnable.java:30)
	at java.base/java.lang.Thread.run(Thread.java:1589)

]]></system-err>
  </testcase>
  <testcase name="shouldBeAbleToAddNewTodo" classname="com.qacart.todo.TestCases.TodoTest" time="12.297"/>
</testsuite>